<?xml version="1.0" encoding="UTF-8"?>
<testsuite xmlns:xsi="http://www.w3.org/2001/XMLSchema-instance" xsi:noNamespaceSchemaLocation="https://maven.apache.org/surefire/maven-surefire-plugin/xsd/surefire-test-report.xsd" name="ReqresApiTest" time="3.487" tests="5" errors="0" skipped="0" failures="0">
  <properties>
[...]
</properties>
  <testcase name="testUpdateUser" classname="ReqresApiTest" time="2.333"/>
  <testcase name="testCreateUser" classname="ReqresApiTest" time="0.2"/>
  <testcase name="testDeleteUser" classname="ReqresApiTest" time="0.245"/>
  <testcase name="testGetUserById" classname="ReqresApiTest" time="0.136"/>
  <testcase name="testGetUsersList" classname="ReqresApiTest" time="0.129"/>
</testsuite>